Меньше 4 букв, странно в строке 1 яблоко
, 
Меньше 4 букв, странно в строке ыа, 
Меньше 4 букв, странно в строке 1 яблоко
, 
Меньше 4 букв, странно в строке ыа, 
Меньше 4 букв, странно,  в строке 9, 
Меньше 4 букв, странно,  в строке 2, 
Меньше 4 букв, странно,  в строке 9, 
Меньше 4 букв, странно,  в строке 2, 
Меньше 4 букв, странно,  в строке 9, 
Меньше 4 букв, странно,  в строке 2, 
Меньше 4 букв, странно,  в строке 9, 
Меньше 4 букв, странно,  в строке 2, 
Меньше 4 букв, странно,  в строке 9, 
Меньше 4 букв, странно,  в строке 2, 
Меньше 4 букв, странно,  в строке 9, 
Меньше 4 букв, странно,  в строке 2, 
Меньше 4 букв, странно,  в строке 9, 
Меньше 4 букв, странно,  в строке 2, 
Меньше 4 букв, странно,  в строке 9, 
Меньше 4 букв, странно,  в строке 2, 
Меньше 4 букв, странно,  в строке <enumerate object at 0x00000258ABCECE80>, 
Меньше 4 букв, странно,  в строке <enumerate object at 0x00000258ABCECD80>, 
Меньше 4 букв, странно,  в строке 1, 
Меньше 4 букв, странно,  в строке 2, 
Меньше 4 букв, странно,  в строке 3, 
Меньше 4 букв, странно,  в строке 1, 
Меньше 4 букв, странно,  в строке 1, 
Меньше 4 букв, странно,  в строке 1, 
Меньше 4 букв, странно,  в строке 1, 
Меньше 4 букв, странно,  в строке 1, 
Меньше 4 букв, странно,  в строке 1, 
Меньше 4 букв, странно,  в строке 1 яблоко
, 
Меньше 4 букв, странно,  в строке ыа, 
Меньше 4 букв, странно,  в строке 1 яблоко
, 
Меньше 4 букв, странно,  в строке ыа, 
Меньше 4 букв, странно,  в строке 1 яблоко
, 
Меньше 4 букв, странно,  в строке ыа, 
В Этом заказе 1 цифра! в строке 1 яблоко
, 
В Этом заказе яблоко цифра! в строке 1 яблоко
, 
Меньше 4 букв, странно,  в строке ыа, 
В Этом заказе 1 цифра! в строке 1 яблоко
, 
В Этом заказе яблоко цифра! в строке 1 яблоко
, 
Меньше 4 букв, странно,  в строке ыа, 
В Этом заказе апельсин цифра! в строке 2, 
В Этом заказе апельсин цифра! в строке 2, 
В Этом заказе апельсин цифра! в строке 2, 
В Этом заказе 1 цифра! в строке 3, 
В Этом заказе яблоко цифра! в строке 3, 
Меньше 4 букв, странно,  в строке 6, 
В Этом заказе 1 яблоко
 цифра! в строке 3, 
В Этом заказе 1 яблоко
 цифра! в строке 3, 
Меньше 4 букв, странно,  в строке 6, 
В Этом заказе 1 яблоко
 цифра! в строке 3, 
В Этом заказе 1 яблоко
 цифра! в строке 3, 
Меньше 4 букв, странно,  в строке 6, 
В Этом заказе 1 яблоко
 цифра! в строке 3, 
Меньше 4 букв, странно,  в строке 6, 
